# JRE version: Java(TM) SE Runtime Environment (8.0_25-b18) (build 1.8.0_25-b18)
# Java VM: Java HotSpot(TM) 64-Bit Server VM (25.25-b02 mixed mode windows-amd64 compressed oops)
Heap:
 PSYoungGen      total 217088K, used 182639K [0x00000000eab00000, 0x00000000fd200000, 0x0000000100000000)
  eden space 189440K, 81% used [0x00000000eab00000,0x00000000f4261360,0x00000000f6400000)
  from space 27648K, 99% used [0x00000000fb700000,0x00000000fd1faab8,0x00000000fd200000)
  to   space 32768K, 0% used [0x00000000f9200000,0x00000000f9200000,0x00000000fb200000)
 ParOldGen       total 80384K, used 43311K [0x00000000c0000000, 0x00000000c4e80000, 0x00000000eab00000)
  object space 80384K, 53% used [0x00000000c0000000,0x00000000c2a4bd98,0x00000000c4e80000)
 Metaspace       used 6227K, capacity 7344K, committed 7552K, reserved 1056768K
  class space    used 577K, capacity 616K, committed 640K, reserved 1048576K
GC Heap History (10 events):
Event: 6.270 GC heap before
{Heap before GC invocations=5 (full 0):
 PSYoungGen      total 66048K, used 66029K [0x00000000eab00000, 0x00000000eee00000, 0x0000000100000000)
  eden space 63488K, 100% used [0x00000000eab00000,0x00000000ee900000,0x00000000ee900000)
  from space 2560K, 99% used [0x00000000eeb80000,0x00000000eedfb530,0x00000000eee00000)
  to   space 2560K, 0% used [0x00000000ee900000,0x00000000ee900000,0x00000000eeb80000)
 ParOldGen       total 42496K, used 13329K [0x00000000c0000000, 0x00000000c2980000, 0x00000000eab00000)
  object space 42496K, 31% used [0x00000000c0000000,0x00000000c0d046d0,0x00000000c2980000)
 Metaspace       used 5842K, capacity 7088K, committed 7296K, reserved 1056768K
  class space    used 558K, capacity 616K, committed 640K, reserved 1048576K
Event: 6.327 GC heap after
Heap after GC invocations=5 (full 0):
 PSYoungGen      total 66048K, used 2537K [0x00000000eab00000, 0x00000000f4200000, 0x0000000100000000)
  eden space 63488K, 0% used [0x00000000eab00000,0x00000000eab00000,0x00000000ee900000)
  from space 2560K, 99% used [0x00000000ee900000,0x00000000eeb7a5a0,0x00000000eeb80000)
  to   space 13824K, 0% used [0x00000000f3480000,0x00000000f3480000,0x00000000f4200000)
 ParOldGen       total 42496K, used 25624K [0x00000000c0000000, 0x00000000c2980000, 0x00000000eab00000)
  object space 42496K, 60% used [0x00000000c0000000,0x00000000c1906248,0x00000000c2980000)
 Metaspace       used 5842K, capacity 7088K, committed 7296K, reserved 1056768K
  class space    used 558K, capacity 616K, committed 640K, reserved 1048576K
}
Event: 7.613 GC heap before
{Heap before GC invocations=6 (full 0):
 PSYoungGen      total 66048K, used 66025K [0x00000000eab00000, 0x00000000f4200000, 0x0000000100000000)
  eden space 63488K, 100% used [0x00000000eab00000,0x00000000ee900000,0x00000000ee900000)
  from space 2560K, 99% used [0x00000000ee900000,0x00000000eeb7a5a0,0x00000000eeb80000)
  to   space 13824K, 0% used [0x00000000f3480000,0x00000000f3480000,0x00000000f4200000)
 ParOldGen       total 42496K, used 25624K [0x00000000c0000000, 0x00000000c2980000, 0x00000000eab00000)
  object space 42496K, 60% used [0x00000000c0000000,0x00000000c1906248,0x00000000c2980000)
 Metaspace       used 5873K, capacity 7088K, committed 7296K, reserved 1056768K
  class space    used 558K, capacity 616K, committed 640K, reserved 1048576K
Event: 8.467 GC heap after
Heap after GC invocations=6 (full 0):
 PSYoungGen      total 137216K, used 13819K [0x00000000eab00000, 0x00000000f4900000, 0x0000000100000000)
  eden space 123392K, 0% used [0x00000000eab00000,0x00000000eab00000,0x00000000f2380000)
  from space 13824K, 99% used [0x00000000f3480000,0x00000000f41fee50,0x00000000f4200000)
  to   space 17408K, 0% used [0x00000000f2380000,0x00000000f2380000,0x00000000f3480000)
 ParOldGen       total 42496K, used 27390K [0x00000000c0000000, 0x00000000c2980000, 0x00000000eab00000)
  object space 42496K, 64% used [0x00000000c0000000,0x00000000c1abf8a8,0x00000000c2980000)
 Metaspace       used 5873K, capacity 7088K, committed 7296K, reserved 1056768K
  class space    used 558K, capacity 616K, committed 640K, reserved 1048576K
}
Event: 9.737 GC heap before
{Heap before GC invocations=7 (full 0):
 PSYoungGen      total 137216K, used 137211K [0x00000000eab00000, 0x00000000f4900000, 0x0000000100000000)
  eden space 123392K, 100% used [0x00000000eab00000,0x00000000f2380000,0x00000000f2380000)
  from space 13824K, 99% used [0x00000000f3480000,0x00000000f41fee50,0x00000000f4200000)
  to   space 17408K, 0% used [0x00000000f2380000,0x00000000f2380000,0x00000000f3480000)
 ParOldGen       total 42496K, used 27390K [0x00000000c0000000, 0x00000000c2980000, 0x00000000eab00000)
  object space 42496K, 64% used [0x00000000c0000000,0x00000000c1abf8a8,0x00000000c2980000)
 Metaspace       used 5901K, capacity 7088K, committed 7296K, reserved 1056768K
  class space    used 559K, capacity 616K, committed 640K, reserved 1048576K
Event: 10.283 GC heap after
Heap after GC invocations=7 (full 0):
 PSYoungGen      total 140800K, used 17381K [0x00000000eab00000, 0x00000000fd200000, 0x0000000100000000)
  eden space 123392K, 0% used [0x00000000eab00000,0x00000000eab00000,0x00000000f2380000)
  from space 17408K, 99% used [0x00000000f2380000,0x00000000f34796d0,0x00000000f3480000)
  to   space 27648K, 0% used [0x00000000fb700000,0x00000000fb700000,0x00000000fd200000)
 ParOldGen       total 42496K, used 41100K [0x00000000c0000000, 0x00000000c2980000, 0x00000000eab00000)
  object space 42496K, 96% used [0x00000000c0000000,0x00000000c28233f0,0x00000000c2980000)
 Metaspace       used 5901K, capacity 7088K, committed 7296K, reserved 1056768K
  class space    used 559K, capacity 616K, committed 640K, reserved 1048576K
}
Event: 10.283 GC heap before
{Heap before GC invocations=8 (full 1):
 PSYoungGen      total 140800K, used 17381K [0x00000000eab00000, 0x00000000fd200000, 0x0000000100000000)
  eden space 123392K, 0% used [0x00000000eab00000,0x00000000eab00000,0x00000000f2380000)
  from space 17408K, 99% used [0x00000000f2380000,0x00000000f34796d0,0x00000000f3480000)
  to   space 27648K, 0% used [0x00000000fb700000,0x00000000fb700000,0x00000000fd200000)
 ParOldGen       total 42496K, used 41100K [0x00000000c0000000, 0x00000000c2980000, 0x00000000eab00000)
  object space 42496K, 96% used [0x00000000c0000000,0x00000000c28233f0,0x00000000c2980000)
 Metaspace       used 5901K, capacity 7088K, committed 7296K, reserved 1056768K
  class space    used 559K, capacity 616K, committed 640K, reserved 1048576K
Event: 12.349 GC heap after
Heap after GC invocations=8 (full 1):
 PSYoungGen      total 140800K, used 5984K [0x00000000eab00000, 0x00000000fd200000, 0x0000000100000000)
  eden space 123392K, 0% used [0x00000000eab00000,0x00000000eab00000,0x00000000f2380000)
  from space 17408K, 34% used [0x00000000f2380000,0x00000000f2958068,0x00000000f3480000)
  to   space 27648K, 0% used [0x00000000fb700000,0x00000000fb700000,0x00000000fd200000)
 ParOldGen       total 80384K, used 42407K [0x00000000c0000000, 0x00000000c4e80000, 0x00000000eab00000)
  object space 80384K, 52% used [0x00000000c0000000,0x00000000c2969d98,0x00000000c4e80000)
 Metaspace       used 5901K, capacity 7088K, committed 7296K, reserved 1056768K
  class space    used 559K, capacity 616K, committed 640K, reserved 1048576K
}
Event: 13.220 GC heap before
{Heap before GC invocations=9 (full 1):
 PSYoungGen      total 140800K, used 129376K [0x00000000eab00000, 0x00000000fd200000, 0x0000000100000000)
  eden space 123392K, 100% used [0x00000000eab00000,0x00000000f2380000,0x00000000f2380000)
  from space 17408K, 34% used [0x00000000f2380000,0x00000000f2958068,0x00000000f3480000)
  to   space 27648K, 0% used [0x00000000fb700000,0x00000000fb700000,0x00000000fd200000)
 ParOldGen       total 80384K, used 42407K [0x00000000c0000000, 0x00000000c4e80000, 0x00000000eab00000)
  object space 80384K, 52% used [0x00000000c0000000,0x00000000c2969d98,0x00000000c4e80000)
 Metaspace       used 5938K, capacity 7152K, committed 7296K, reserved 1056768K
  class space    used 560K, capacity 616K, committed 640K, reserved 1048576K
Event: 13.460 GC heap after
Heap after GC invocations=9 (full 1):
 PSYoungGen      total 217088K, used 27626K [0x00000000eab00000, 0x00000000fd200000, 0x0000000100000000)
  eden space 189440K, 0% used [0x00000000eab00000,0x00000000eab00000,0x00000000f6400000)
  from space 27648K, 99% used [0x00000000fb700000,0x00000000fd1faab8,0x00000000fd200000)
  to   space 32768K, 0% used [0x00000000f9200000,0x00000000f9200000,0x00000000fb200000)
 ParOldGen       total 80384K, used 43311K [0x00000000c0000000, 0x00000000c4e80000, 0x00000000eab00000)
  object space 80384K, 53% used [0x00000000c0000000,0x00000000c2a4bd98,0x00000000c4e80000)
 Metaspace       used 5938K, capacity 7152K, committed 7296K, reserved 1056768K
  class space    used 560K, capacity 616K, committed 640K, reserved 1048576K
}

