# JRE version: Java(TM) SE Runtime Environment (8.0_25-b18) (build 1.8.0_25-b18)
# Java VM: Java HotSpot(TM) 64-Bit Server VM (25.25-b02 mixed mode windows-amd64 compressed oops)
Heap:
 PSYoungGen      total 133632K, used 114601K [0x00000000eab00000, 0x00000000f3800000, 0x0000000100000000)
  eden space 125952K, 85% used [0x00000000eab00000,0x00000000f146cb00,0x00000000f2600000)
  from space 7680K, 86% used [0x00000000f2e80000,0x00000000f34fdc50,0x00000000f3600000)
  to   space 8704K, 0% used [0x00000000f2600000,0x00000000f2600000,0x00000000f2e80000)
 ParOldGen       total 42496K, used 25386K [0x00000000c0000000, 0x00000000c2980000, 0x00000000eab00000)
  object space 42496K, 59% used [0x00000000c0000000,0x00000000c18cab00,0x00000000c2980000)
 Metaspace       used 5022K, capacity 5578K, committed 5760K, reserved 1056768K
  class space    used 540K, capacity 565K, committed 640K, reserved 1048576K
GC Heap History (10 events):
Event: 0.526 GC heap before
{Heap before GC invocations=2 (full 0):
 PSYoungGen      total 18432K, used 18418K [0x00000000eab00000, 0x00000000ecf00000, 0x0000000100000000)
  eden space 15872K, 100% used [0x00000000eab00000,0x00000000eba80000,0x00000000eba80000)
  from space 2560K, 99% used [0x00000000eba80000,0x00000000ebcfc838,0x00000000ebd00000)
  to   space 2560K, 0% used [0x00000000ecc80000,0x00000000ecc80000,0x00000000ecf00000)
 ParOldGen       total 42496K, used 2346K [0x00000000c0000000, 0x00000000c2980000, 0x00000000eab00000)
  object space 42496K, 5% used [0x00000000c0000000,0x00000000c024ab00,0x00000000c2980000)
 Metaspace       used 4832K, capacity 5572K, committed 5760K, reserved 1056768K
  class space    used 529K, capacity 564K, committed 640K, reserved 1048576K
Event: 0.531 GC heap after
Heap after GC invocations=2 (full 0):
 PSYoungGen      total 34304K, used 2528K [0x00000000eab00000, 0x00000000ecf00000, 0x0000000100000000)
  eden space 31744K, 0% used [0x00000000eab00000,0x00000000eab00000,0x00000000eca00000)
  from space 2560K, 98% used [0x00000000ecc80000,0x00000000ecef8388,0x00000000ecf00000)
  to   space 2560K, 0% used [0x00000000eca00000,0x00000000eca00000,0x00000000ecc80000)
 ParOldGen       total 42496K, used 4868K [0x00000000c0000000, 0x00000000c2980000, 0x00000000eab00000)
  object space 42496K, 11% used [0x00000000c0000000,0x00000000c04c13e8,0x00000000c2980000)
 Metaspace       used 4832K, capacity 5572K, committed 5760K, reserved 1056768K
  class space    used 529K, capacity 564K, committed 640K, reserved 1048576K
}
Event: 0.796 GC heap before
{Heap before GC invocations=3 (full 0):
 PSYoungGen      total 34304K, used 34140K [0x00000000eab00000, 0x00000000ecf00000, 0x0000000100000000)
  eden space 31744K, 99% used [0x00000000eab00000,0x00000000ec9dee10,0x00000000eca00000)
  from space 2560K, 98% used [0x00000000ecc80000,0x00000000ecef8388,0x00000000ecf00000)
  to   space 2560K, 0% used [0x00000000eca00000,0x00000000eca00000,0x00000000ecc80000)
 ParOldGen       total 42496K, used 4868K [0x00000000c0000000, 0x00000000c2980000, 0x00000000eab00000)
  object space 42496K, 11% used [0x00000000c0000000,0x00000000c04c13e8,0x00000000c2980000)
 Metaspace       used 4871K, capacity 5572K, committed 5760K, reserved 1056768K
  class space    used 530K, capacity 564K, committed 640K, reserved 1048576K
Event: 0.812 GC heap after
Heap after GC invocations=3 (full 0):
 PSYoungGen      total 34304K, used 2343K [0x00000000eab00000, 0x00000000eee00000, 0x0000000100000000)
  eden space 31744K, 0% used [0x00000000eab00000,0x00000000eab00000,0x00000000eca00000)
  from space 2560K, 91% used [0x00000000eca00000,0x00000000ecc49c48,0x00000000ecc80000)
  to   space 2560K, 0% used [0x00000000eeb80000,0x00000000eeb80000,0x00000000eee00000)
 ParOldGen       total 42496K, used 7589K [0x00000000c0000000, 0x00000000c2980000, 0x00000000eab00000)
  object space 42496K, 17% used [0x00000000c0000000,0x00000000c0769500,0x00000000c2980000)
 Metaspace       used 4871K, capacity 5572K, committed 5760K, reserved 1056768K
  class space    used 530K, capacity 564K, committed 640K, reserved 1048576K
}
Event: 0.972 GC heap before
{Heap before GC invocations=4 (full 0):
 PSYoungGen      total 34304K, used 33547K [0x00000000eab00000, 0x00000000eee00000, 0x0000000100000000)
  eden space 31744K, 98% used [0x00000000eab00000,0x00000000ec979358,0x00000000eca00000)
  from space 2560K, 91% used [0x00000000eca00000,0x00000000ecc49c48,0x00000000ecc80000)
  to   space 2560K, 0% used [0x00000000eeb80000,0x00000000eeb80000,0x00000000eee00000)
 ParOldGen       total 42496K, used 7589K [0x00000000c0000000, 0x00000000c2980000, 0x00000000eab00000)
  object space 42496K, 17% used [0x00000000c0000000,0x00000000c0769500,0x00000000c2980000)
 Metaspace       used 4889K, capacity 5572K, committed 5760K, reserved 1056768K
  class space    used 530K, capacity 564K, committed 640K, reserved 1048576K
Event: 0.975 GC heap after
Heap after GC invocations=4 (full 0):
 PSYoungGen      total 66048K, used 2131K [0x00000000eab00000, 0x00000000eee00000, 0x0000000100000000)
  eden space 63488K, 0% used [0x00000000eab00000,0x00000000eab00000,0x00000000ee900000)
  from space 2560K, 83% used [0x00000000eeb80000,0x00000000eed94ce0,0x00000000eee00000)
  to   space 2560K, 0% used [0x00000000ee900000,0x00000000ee900000,0x00000000eeb80000)
 ParOldGen       total 42496K, used 9281K [0x00000000c0000000, 0x00000000c2980000, 0x00000000eab00000)
  object space 42496K, 21% used [0x00000000c0000000,0x00000000c09107c0,0x00000000c2980000)
 Metaspace       used 4889K, capacity 5572K, committed 5760K, reserved 1056768K
  class space    used 530K, capacity 564K, committed 640K, reserved 1048576K
}
Event: 1.288 GC heap before
{Heap before GC invocations=5 (full 0):
 PSYoungGen      total 66048K, used 65619K [0x00000000eab00000, 0x00000000eee00000, 0x0000000100000000)
  eden space 63488K, 100% used [0x00000000eab00000,0x00000000ee900000,0x00000000ee900000)
  from space 2560K, 83% used [0x00000000eeb80000,0x00000000eed94ce0,0x00000000eee00000)
  to   space 2560K, 0% used [0x00000000ee900000,0x00000000ee900000,0x00000000eeb80000)
 ParOldGen       total 42496K, used 9281K [0x00000000c0000000, 0x00000000c2980000, 0x00000000eab00000)
  object space 42496K, 21% used [0x00000000c0000000,0x00000000c09107c0,0x00000000c2980000)
 Metaspace       used 4912K, capacity 5572K, committed 5760K, reserved 1056768K
  class space    used 530K, capacity 564K, committed 640K, reserved 1048576K
Event: 1.294 GC heap after
Heap after GC invocations=5 (full 0):
 PSYoungGen      total 66048K, used 2549K [0x00000000eab00000, 0x00000000f3600000, 0x0000000100000000)
  eden space 63488K, 0% used [0x00000000eab00000,0x00000000eab00000,0x00000000ee900000)
  from space 2560K, 99% used [0x00000000ee900000,0x00000000eeb7d700,0x00000000eeb80000)
  to   space 7680K, 0% used [0x00000000f2e80000,0x00000000f2e80000,0x00000000f3600000)
 ParOldGen       total 42496K, used 12817K [0x00000000c0000000, 0x00000000c2980000, 0x00000000eab00000)
  object space 42496K, 30% used [0x00000000c0000000,0x00000000c0c84700,0x00000000c2980000)
 Metaspace       used 4912K, capacity 5572K, committed 5760K, reserved 1056768K
  class space    used 530K, capacity 564K, committed 640K, reserved 1048576K
}
Event: 1.478 GC heap before
{Heap before GC invocations=6 (full 0):
 PSYoungGen      total 66048K, used 66037K [0x00000000eab00000, 0x00000000f3600000, 0x0000000100000000)
  eden space 63488K, 100% used [0x00000000eab00000,0x00000000ee900000,0x00000000ee900000)
  from space 2560K, 99% used [0x00000000ee900000,0x00000000eeb7d700,0x00000000eeb80000)
  to   space 7680K, 0% used [0x00000000f2e80000,0x00000000f2e80000,0x00000000f3600000)
 ParOldGen       total 42496K, used 12817K [0x00000000c0000000, 0x00000000c2980000, 0x00000000eab00000)
  object space 42496K, 30% used [0x00000000c0000000,0x00000000c0c84700,0x00000000c2980000)
 Metaspace       used 4925K, capacity 5572K, committed 5760K, reserved 1056768K
  class space    used 530K, capacity 564K, committed 640K, reserved 1048576K
Event: 1.503 GC heap after
Heap after GC invocations=6 (full 0):
 PSYoungGen      total 133632K, used 6647K [0x00000000eab00000, 0x00000000f3800000, 0x0000000100000000)
  eden space 125952K, 0% used [0x00000000eab00000,0x00000000eab00000,0x00000000f2600000)
  from space 7680K, 86% used [0x00000000f2e80000,0x00000000f34fdc50,0x00000000f3600000)
  to   space 8704K, 0% used [0x00000000f2600000,0x00000000f2600000,0x00000000f2e80000)
 ParOldGen       total 42496K, used 25386K [0x00000000c0000000, 0x00000000c2980000, 0x00000000eab00000)
  object space 42496K, 59% used [0x00000000c0000000,0x00000000c18cab00,0x00000000c2980000)
 Metaspace       used 4925K, capacity 5572K, committed 5760K, reserved 1056768K
  class space    used 530K, capacity 564K, committed 640K, reserved 1048576K
}

